TN:
SF:src/ERC721Psi/ERC721Psi.sol
FN:58,ERC721Psi._startTokenId
FNDA:0,ERC721Psi._startTokenId
DA:60,0
FN:66,ERC721Psi._nextTokenId
FNDA:149650,ERC721Psi._nextTokenId
DA:67,149650
FN:73,ERC721Psi._totalMinted
FNDA:39640,ERC721Psi._totalMinted
DA:74,39640
FN:81,ERC721Psi.supportsInterface
FNDA:0,ERC721Psi.supportsInterface
DA:88,0
DA:89,0
DA:90,0
DA:91,0
FN:97,ERC721Psi.balanceOf
FNDA:0,ERC721Psi.balanceOf
DA:104,0
BRDA:104,0,0,-
BRDA:104,0,1,-
DA:106,0
DA:107,0
DA:108,0
BRDA:108,1,0,-
BRDA:108,1,1,-
DA:109,0
BRDA:109,2,0,-
BRDA:109,2,1,-
DA:110,0
DA:114,0
FN:120,ERC721Psi.ownerOf
FNDA:0,ERC721Psi.ownerOf
DA:127,40010
DA:128,40010
FN:131,ERC721Psi._ownerAndBatchHeadOf
FNDA:60015,ERC721Psi._ownerAndBatchHeadOf
DA:132,60015
BRDA:132,3,0,-
BRDA:132,3,1,60015
DA:133,60015
DA:134,60015
FN:140,ERC721Psi.name
FNDA:0,ERC721Psi.name
DA:141,0
FN:147,ERC721Psi.symbol
FNDA:0,ERC721Psi.symbol
DA:148,0
FN:154,ERC721Psi.tokenURI
FNDA:0,ERC721Psi.tokenURI
DA:155,0
BRDA:155,4,0,-
BRDA:155,4,1,-
DA:157,0
DA:158,0
FN:166,ERC721Psi._baseURI
FNDA:0,ERC721Psi._baseURI
DA:167,0
FN:174,ERC721Psi.approve
FNDA:0,ERC721Psi.approve
DA:175,0
DA:176,0
BRDA:176,5,0,-
BRDA:176,5,1,-
DA:178,0
BRDA:178,6,0,-
BRDA:178,6,1,-
DA:183,0
FN:189,ERC721Psi.getApproved
FNDA:0,ERC721Psi.getApproved
DA:196,0
BRDA:196,7,0,-
BRDA:196,7,1,-
DA:201,0
FN:207,ERC721Psi.setApprovalForAll
FNDA:0,ERC721Psi.setApprovalForAll
DA:212,0
BRDA:212,8,0,-
BRDA:212,8,1,-
DA:214,0
DA:215,0
FN:221,ERC721Psi.isApprovedForAll
FNDA:0,ERC721Psi.isApprovedForAll
DA:228,0
FN:234,ERC721Psi.transferFrom
FNDA:14903,ERC721Psi.transferFrom
DA:240,14903
BRDA:240,9,0,-
BRDA:240,9,1,14903
DA:245,14903
FN:251,ERC721Psi.safeTransferFrom
FNDA:5102,ERC721Psi.safeTransferFrom
DA:256,5102
FN:262,ERC721Psi.safeTransferFrom
FNDA:0,ERC721Psi.safeTransferFrom
DA:268,5102
BRDA:268,10,0,-
BRDA:268,10,1,5102
DA:272,5102
FN:293,ERC721Psi._safeTransfer
FNDA:5102,ERC721Psi._safeTransfer
DA:299,5102
DA:300,5102
BRDA:300,11,0,-
BRDA:300,11,1,5102
FN:313,ERC721Psi._exists
FNDA:105018,ERC721Psi._exists
DA:314,105018
FN:324,ERC721Psi._isApprovedOrOwner
FNDA:20005,ERC721Psi._isApprovedOrOwner
DA:330,20005
BRDA:330,12,0,-
BRDA:330,12,1,20005
DA:334,20005
DA:335,20005
FN:350,ERC721Psi._safeMint
FNDA:14813,ERC721Psi._safeMint
DA:351,14813
FN:355,ERC721Psi._safeMint
FNDA:14813,ERC721Psi._safeMint
DA:360,14813
DA:361,14813
DA:362,14812
BRDA:362,13,0,-
BRDA:362,13,1,14812
FN:369,ERC721Psi._mint
FNDA:14813,ERC721Psi._mint
DA:373,14813
DA:375,14813
BRDA:375,14,0,-
BRDA:375,14,1,14813
DA:376,14813
BRDA:376,15,0,1
BRDA:376,15,1,14812
DA:378,14812
DA:379,14812
DA:380,14812
DA:381,14812
DA:382,14812
DA:385,14812
DA:386,40210
FN:402,ERC721Psi._transfer
FNDA:20005,ERC721Psi._transfer
DA:407,20005
DA:409,20005
BRDA:409,16,0,-
BRDA:409,16,1,20005
DA:413,20005
BRDA:413,17,0,-
BRDA:413,17,1,20005
DA:415,20005
DA:418,20005
DA:420,20005
DA:422,20005
DA:423,15006
BRDA:422,18,0,5202
BRDA:422,18,1,20005
DA:425,5202
DA:426,5202
DA:429,20005
DA:430,20005
BRDA:430,19,0,4999
BRDA:430,19,1,20005
DA:431,4999
DA:434,20005
DA:436,20005
FN:444,ERC721Psi._approve
FNDA:20005,ERC721Psi._approve
DA:445,20005
DA:446,20005
FN:460,ERC721Psi._checkOnERC721Received
FNDA:19914,ERC721Psi._checkOnERC721Received
DA:467,19914
BRDA:467,20,0,-
BRDA:467,20,1,-
DA:468,0
DA:469,0
DA:470,0
DA:482,0
DA:484,19914
FN:488,ERC721Psi._getBatchHead
FNDA:60015,ERC721Psi._getBatchHead
DA:489,60015
FN:493,ERC721Psi.totalSupply
FNDA:0,ERC721Psi.totalSupply
DA:494,0
FN:505,ERC721Psi.tokensOfOwner
FNDA:0,ERC721Psi.tokensOfOwner
DA:507,0
DA:508,0
DA:509,0
DA:510,0
DA:511,0
BRDA:511,21,0,-
BRDA:511,21,1,-
DA:512,0
BRDA:512,22,0,-
BRDA:512,22,1,-
DA:513,0
DA:517,0
FN:533,ERC721Psi._beforeTokenTransfers
FNDA:34817,ERC721Psi._beforeTokenTransfers
FN:552,ERC721Psi._afterTokenTransfers
FNDA:34817,ERC721Psi._afterTokenTransfers
FNF:32
FNH:17
LF:93
LH:52
BRF:46
BRH:15
end_of_record
TN:
SF:src/ERC721Psi/extension/ERC721PsiAddressData.sol
FN:44,ERC721PsiAddressData.balanceOf
FNDA:14815,ERC721PsiAddressData.balanceOf
DA:51,14815
BRDA:51,0,0,-
BRDA:51,0,1,14815
DA:52,14815
FN:67,ERC721PsiAddressData._afterTokenTransfers
FNDA:34817,ERC721PsiAddressData._afterTokenTransfers
DA:73,34817
BRDA:73,1,0,-
BRDA:73,1,1,34817
DA:74,34817
DA:76,34817
BRDA:76,2,0,20005
BRDA:76,2,1,14812
DA:77,20005
DA:80,14812
DA:83,34817
BRDA:83,3,0,34817
BRDA:83,3,1,-
DA:84,34817
DA:87,0
DA:89,34817
FNF:2
FNH:2
LF:11
LH:10
BRF:8
BRH:5
end_of_record
TN:
SF:src/GenesisPFP.sol
FN:93,GenesisPFP.mintWithSignature
FNDA:14823,GenesisPFP.mintWithSignature
DA:95,14823
DA:96,14823
BRDA:96,0,0,1
BRDA:96,0,1,14822
DA:98,14822
BRDA:98,1,0,1
BRDA:98,1,1,14821
DA:100,14821
BRDA:100,2,0,1
BRDA:100,2,1,14820
DA:102,14820
BRDA:102,3,0,1
BRDA:102,3,1,14819
DA:104,14819
BRDA:104,4,0,-
BRDA:104,4,1,14819
DA:106,14819
BRDA:106,5,0,3
BRDA:106,5,1,14816
DA:109,14816
DA:110,14816
BRDA:110,6,0,3
BRDA:110,6,1,14813
DA:111,3
DA:115,14813
DA:117,14813
BRDA:117,7,0,2
BRDA:117,7,1,14813
DA:118,2
DA:121,14813
DA:123,14813
FN:134,GenesisPFP.hashTypedDataV4
FNDA:14821,GenesisPFP.hashTypedDataV4
DA:135,14821
FN:138,GenesisPFP.remainingSupply
FNDA:24817,GenesisPFP.remainingSupply
DA:139,39640
FN:150,GenesisPFP.hashStruct
FNDA:29637,GenesisPFP.hashStruct
DA:151,29637
FN:169,GenesisPFP.verifySignature
FNDA:14816,GenesisPFP.verifySignature
DA:170,14816
DA:171,14816
FN:181,GenesisPFP._startTokenId
FNDA:144657,GenesisPFP._startTokenId
DA:182,144657
FN:188,GenesisPFP.tokenURI
FNDA:24998,GenesisPFP.tokenURI
DA:189,24998
BRDA:189,8,0,1
BRDA:189,8,1,24997
DA:192,24997
BRDA:192,9,0,5000
BRDA:192,9,1,19997
DA:193,5000
DA:197,19997
BRDA:197,10,0,9998
BRDA:197,10,1,9999
DA:198,9998
DA:201,9999
DA:202,9999
FNF:7
FNH:7
LF:28
LH:28
BRF:22
BRH:21
end_of_record
TN:
SF:src/abstracts/ChainlinkVRFMetadata.sol
FN:50,ChainlinkVRFMetadata.requestChainlinkVRF
FNDA:7,ChainlinkVRFMetadata.requestChainlinkVRF
DA:51,6
BRDA:51,0,0,1
BRDA:51,0,1,5
DA:52,1
DA:57,5
FN:64,ChainlinkVRFMetadata.withdrawRemainingLink
FNDA:3,ChainlinkVRFMetadata.withdrawRemainingLink
DA:65,2
DA:66,2
BRDA:66,1,0,1
BRDA:66,1,1,1
DA:67,1
BRDA:67,2,0,-
BRDA:67,2,1,1
FN:82,ChainlinkVRFMetadata.fulfillRandomWords
FNDA:4,ChainlinkVRFMetadata.fulfillRandomWords
DA:83,4
BRDA:83,3,0,-
BRDA:83,3,1,4
DA:84,0
DA:85,0
DA:89,4
FNF:3
FNH:3
LF:10
LH:8
BRF:8
BRH:6
end_of_record
TN:
SF:src/abstracts/GenesisBase.sol
FN:46,GenesisBase.setBaseURI
FNDA:7,GenesisBase.setBaseURI
DA:47,5
BRDA:47,0,0,2
BRDA:47,0,1,3
DA:48,2
DA:50,3
FN:56,GenesisBase.updateDefaultRoyalty
FNDA:2,GenesisBase.updateDefaultRoyalty
DA:57,1
FN:67,GenesisBase.supportsInterface
FNDA:0,GenesisBase.supportsInterface
DA:74,0
FN:86,GenesisBase._baseURI
FNDA:44994,GenesisBase._baseURI
DA:87,44994
FNF:4
FNH:3
LF:6
LH:5
BRF:2
BRH:2
end_of_record
TN:
SF:test/Base.t.sol
FN:57,BaseTest.setUp
FNDA:0,BaseTest.setUp
DA:59,0
DA:60,0
DA:61,0
DA:62,0
DA:63,0
DA:64,0
DA:65,0
DA:68,0
DA:69,0
DA:70,0
DA:71,0
DA:72,0
DA:73,0
DA:74,0
DA:77,0
DA:82,0
DA:85,0
DA:88,0
DA:91,0
DA:99,0
DA:104,0
DA:106,0
DA:109,0
DA:110,0
DA:111,0
FN:119,BaseTest.get_mint_data_sig
FNDA:0,BaseTest.get_mint_data_sig
DA:120,0
DA:121,0
DA:122,0
FNF:2
FNH:0
LF:28
LH:0
BRF:0
BRH:0
end_of_record
TN:
SF:test/genesis-pfp/GenesisPFP.t.sol
FN:11,GenesisPFP_Base_Test.setUp
FNDA:0,GenesisPFP_Base_Test.setUp
DA:13,0
DA:16,0
DA:17,0
DA:27,0
FNF:1
FNH:0
LF:4
LH:0
BRF:0
BRH:0
end_of_record
